<?xml version="1.0" encoding="UTF-8"?>
<!-- Generated by org.testng.reporters.JUnitReportReporter -->
<testsuite hostname="Laysans-Mac.local" failures="0" tests="3" name="com.github.loadup.testify.demo.service.UserServiceTest" time="0.443" errors="0" timestamp="2026-01-15T17:27:41 CST" skipped="0">
  <testcase classname="com.github.loadup.testify.demo.service.UserServiceTest" name="testUpdateUserStatus" time="0.007"/>
  <testcase classname="com.github.loadup.testify.demo.service.UserServiceTest" name="testDeleteUser" time="0.416"/>
  <testcase classname="com.github.loadup.testify.demo.service.UserServiceTest" name="testCreateUser" time="0.020"/>
</testsuite> <!-- com.github.loadup.testify.demo.service.UserServiceTest -->
