<?xml version="1.0" encoding="UTF-8"?>
<testng-results ignored="0" total="3" passed="3" failed="0" skipped="0">
  <reporter-output>
  </reporter-output>
  <suite started-at="2026-01-15T17:27:40 CST" name="com.github.loadup.testify.demo.service.UserServiceTest" finished-at="2026-01-15T17:27:41 CST" duration-ms="1037">
    <groups>
    </groups>
    <test started-at="2026-01-15T17:27:40 CST" name="Command line test" finished-at="2026-01-15T17:27:41 CST" duration-ms="1037">
      <class name="com.github.loadup.testify.demo.service.UserServiceTest">
        <test-method is-config="true" signature="springTestContextBeforeTestClass()[pri:0, instance:com.github.loadup.testify.demo.service.UserServiceTest@3e74829]" started-at="2026-01-15T17:27:40 CST" name="springTestContextBeforeTestClass" finished-at="2026-01-15T17:27:40 CST" duration-ms="4" status="PASS">
          <reporter-output>
          </reporter-output>
        </test-method> <!-- springTestContextBeforeTestClass -->
        <test-method is-config="true" signature="springTestContextPrepareTestInstance()[pri:0, instance:com.github.loadup.testify.demo.service.UserServiceTest@3e74829]" started-at="2026-01-15T17:27:40 CST" name="springTestContextPrepareTestInstance" finished-at="2026-01-15T17:27:41 CST" depends-on-methods="org.springframework.test.context.testng.AbstractTestNGSpringContextTests.springTestContextBeforeTestClass" duration-ms="576" status="PASS">
          <reporter-output>
          </reporter-output>
        </test-method> <!-- springTestContextPrepareTestInstance -->
        <test-method is-config="true" signature="springTestContextBeforeTestMethod(java.lang.reflect.Method)[pri:0, instance:com.github.loadup.testify.demo.service.UserServiceTest@3e74829]" started-at="2026-01-15T17:27:41 CST" name="springTestContextBeforeTestMethod" finished-at="2026-01-15T17:27:41 CST" duration-ms="413" status="PASS">
          <params>
            <param index="0">
              <value>
                <![CDATA[public void com.github.loadup.testify.demo.service.UserServiceTest.testCreateUser()]]>
              </value>
            </param>
          </params>
          <reporter-output>
          </reporter-output>
        </test-method> <!-- springTestContextBeforeTestMethod -->
        <test-method signature="testCreateUser()[pri:0, instance:com.github.loadup.testify.demo.service.UserServiceTest@3e74829]" started-at="2026-01-15T17:27:41 CST" name="testCreateUser" finished-at="2026-01-15T17:27:41 CST" duration-ms="19" status="PASS">
          <reporter-output>
          </reporter-output>
        </test-method> <!-- testCreateUser -->
        <test-method is-config="true" signature="springTestContextAfterTestMethod(java.lang.reflect.Method)[pri:0, instance:com.github.loadup.testify.demo.service.UserServiceTest@3e74829]" started-at="2026-01-15T17:27:41 CST" name="springTestContextAfterTestMethod" finished-at="2026-01-15T17:27:41 CST" duration-ms="3" status="PASS">
          <params>
            <param index="0">
              <value>
                <![CDATA[public void com.github.loadup.testify.demo.service.UserServiceTest.testCreateUser()]]>
              </value>
            </param>
          </params>
          <reporter-output>
          </reporter-output>
        </test-method> <!-- springTestContextAfterTestMethod -->
        <test-method is-config="true" signature="springTestContextBeforeTestMethod(java.lang.reflect.Method)[pri:0, instance:com.github.loadup.testify.demo.service.UserServiceTest@3e74829]" started-at="2026-01-15T17:27:41 CST" name="springTestContextBeforeTestMethod" finished-at="2026-01-15T17:27:41 CST" duration-ms="1" status="PASS">
          <params>
            <param index="0">
              <value>
                <![CDATA[public void com.github.loadup.testify.demo.service.UserServiceTest.testDeleteUser()]]>
              </value>
            </param>
          </params>
          <reporter-output>
          </reporter-output>
        </test-method> <!-- springTestContextBeforeTestMethod -->
        <test-method signature="testDeleteUser()[pri:0, instance:com.github.loadup.testify.demo.service.UserServiceTest@3e74829]" started-at="2026-01-15T17:27:41 CST" name="testDeleteUser" finished-at="2026-01-15T17:27:41 CST" duration-ms="2" status="PASS">
          <reporter-output>
          </reporter-output>
        </test-method> <!-- testDeleteUser -->
        <test-method is-config="true" signature="springTestContextAfterTestMethod(java.lang.reflect.Method)[pri:0, instance:com.github.loadup.testify.demo.service.UserServiceTest@3e74829]" started-at="2026-01-15T17:27:41 CST" name="springTestContextAfterTestMethod" finished-at="2026-01-15T17:27:41 CST" duration-ms="1" status="PASS">
          <params>
            <param index="0">
              <value>
                <![CDATA[public void com.github.loadup.testify.demo.service.UserServiceTest.testDeleteUser()]]>
              </value>
            </param>
          </params>
          <reporter-output>
          </reporter-output>
        </test-method> <!-- springTestContextAfterTestMethod -->
        <test-method is-config="true" signature="springTestContextBeforeTestMethod(java.lang.reflect.Method)[pri:0, instance:com.github.loadup.testify.demo.service.UserServiceTest@3e74829]" started-at="2026-01-15T17:27:41 CST" name="springTestContextBeforeTestMethod" finished-at="2026-01-15T17:27:41 CST" duration-ms="1" status="PASS">
          <params>
            <param index="0">
              <value>
                <![CDATA[public void com.github.loadup.testify.demo.service.UserServiceTest.testUpdateUserStatus()]]>
              </value>
            </param>
          </params>
          <reporter-output>
          </reporter-output>
        </test-method> <!-- springTestContextBeforeTestMethod -->
        <test-method signature="testUpdateUserStatus()[pri:0, instance:com.github.loadup.testify.demo.service.UserServiceTest@3e74829]" started-at="2026-01-15T17:27:41 CST" name="testUpdateUserStatus" finished-at="2026-01-15T17:27:41 CST" duration-ms="3" status="PASS">
          <reporter-output>
          </reporter-output>
        </test-method> <!-- testUpdateUserStatus -->
        <test-method is-config="true" signature="springTestContextAfterTestMethod(java.lang.reflect.Method)[pri:0, instance:com.github.loadup.testify.demo.service.UserServiceTest@3e74829]" started-at="2026-01-15T17:27:41 CST" name="springTestContextAfterTestMethod" finished-at="2026-01-15T17:27:41 CST" duration-ms="0" status="PASS">
          <params>
            <param index="0">
              <value>
                <![CDATA[public void com.github.loadup.testify.demo.service.UserServiceTest.testUpdateUserStatus()]]>
              </value>
            </param>
          </params>
          <reporter-output>
          </reporter-output>
        </test-method> <!-- springTestContextAfterTestMethod -->
        <test-method is-config="true" signature="springTestContextAfterTestClass()[pri:0, instance:com.github.loadup.testify.demo.service.UserServiceTest@3e74829]" started-at="2026-01-15T17:27:41 CST" name="springTestContextAfterTestClass" finished-at="2026-01-15T17:27:41 CST" duration-ms="0" status="PASS">
          <reporter-output>
          </reporter-output>
        </test-method> <!-- springTestContextAfterTestClass -->
      </class> <!-- com.github.loadup.testify.demo.service.UserServiceTest -->
    </test> <!-- Command line test -->
  </suite> <!-- com.github.loadup.testify.demo.service.UserServiceTest -->
</testng-results>
