<?xml version="1.0" encoding="UTF-8" ?>
<testsuite tests="3" failures="0" name="com.github.loadup.testify.demo.service.UserServiceTest" time="0.025" errors="0" skipped="0">
  <properties>
[...]
</properties>
  <testcase classname="com.github.loadup.testify.demo.service.UserServiceTest" name="testCreateUser" time="0.02"/>
  <testcase classname="com.github.loadup.testify.demo.service.UserServiceTest" name="testDeleteUser" time="0.002"/>
  <testcase classname="com.github.loadup.testify.demo.service.UserServiceTest" name="testUpdateUserStatus" time="0.003"/>
</testsuite>