<?xml version="1.0" encoding="UTF-8"?>
<!-- Generated by org.testng.reporters.JUnitXMLReporter -->
<testsuite ignored="0" hostname="Laysans-Mac.local" failures="0" tests="3" name="Command line test" time="1.037" errors="0" timestamp="2026-01-15T17:27:41 CST">
  <testcase classname="com.github.loadup.testify.demo.service.UserServiceTest" name="testCreateUser" time="0.019"/>
  <testcase classname="com.github.loadup.testify.demo.service.UserServiceTest" name="testDeleteUser" time="0.002"/>
  <testcase classname="com.github.loadup.testify.demo.service.UserServiceTest" name="testUpdateUserStatus" time="0.003"/>
</testsuite> <!-- Command line test -->
